<?xml version="1.0" encoding="UTF-8"?>
<!-- Generated by org.testng.reporters.JUnitXMLReporter -->
<testsuite ignored="0" hostname="Sonny" failures="0" tests="3" name="Default test" time="37.765" errors="0" timestamp="2025-04-07T15:08:23 ICT">
  <testcase classname="tests.PhanCongTest" name="login" time="12.04"/>
  <testcase classname="tests.PhanCongTest" name="openPhanCong" time="1.37"/>
  <testcase classname="tests.PhanCongTest" name="filterAndExport" time="20.036"/>
</testsuite> <!-- Default test -->
